2023-01-31T12:56:20+00:00 DEBUG Tt4b_Pixel_Class::inject_start_checkout: hit injectStartCheckout
2023-01-31T12:56:20+00:00 DEBUG Tt4b_Pixel_Class::inject_start_checkout: Missing option "access_token"
2023-01-31T14:26:51+00:00 DEBUG POST: https://business-api.tiktok.com/open_api/v1.2/tbp/business_profile/disconnect/

{"external_business_id":false,"business_platform":"WOO_COMMERCE","is_setup_page":0,"app_id":false}
 ajax: no
2023-01-31T14:26:52+00:00 DEBUG Tt4b_Mapi_Class::mapi_post: Response: 

HTTP/1.1 200 OK
Server: nginx
Content-Type: application/json; charset=utf-8
Content-Length: 103
X-Api-Deprecation-Info: API for Business Version 1.3 is now live. To avoid disruption to your business, we recommend you migrate all calls to v1.3 as soon as possible. Please visit our migration guide for more details: https://ads.tiktok.com/marketing_api/docs?id=1740029169927169
X-Domain-Change-Info: We have moved to the new domain business-api.tiktok.com for API services after the Platform Upgrade on 09/30/2021. Please update all of your requests with the new domain if you haven't done so already. For more information, please visit https://ads.tiktok.com/marketing_api/docs?rid=esb88xalm6m&id=1709207085043713
X-Tt-Logid: 2023013114265249E0937E02FEEE7FB352
x-tt-trace-host: 016ea445254f635bb347709368c6c687cc24a242b8752c698d89ad7d12a7f1f8e9a6f7a43b70dbb5a9bad627efa3f2fc4e7254680b121b3eca6dd4777c91fda370050594d048dcc6c0f3d29533b31823f68101d1e7b9c5e129862ba81769163aabbc7e6ba62d257d6345773e0837605bbe
X-Origin-Response-Time: 19,104.88.70.133
X-Akamai-Request-ID: 10956eb3.61623cc6
Expires: Tue, 31 Jan 2023 14:26:54 GMT
Cache-Control: max-age=0, no-cache, no-store
Pragma: no-cache
Date: Tue, 31 Jan 2023 14:26:54 GMT
X-Cache: TCP_MISS from a23-207-211-211.deploy.akamaitechnologies.com (AkamaiGHost/10.10.3-45298580) (-)
Connection: close
X-Cache-Remote: TCP_MISS from a104-88-70-133.deploy.akamaitechnologies.com (AkamaiGHost/10.10.3-45298580) (-)
x-tt-trace-tag: id=16;cdn-cache=miss;type=dyn
Server-Timing: cdn-cache; desc=MISS, edge; dur=335, origin; dur=19
Server-Timing: inner; dur=6
X-Parent-Response-Time: 353,23.207.211.211

{"code":40104,"message":"The access_token is empty.","request_id":"2023013114265249E0937E02FEEE7FB352"}

2023-01-31T14:26:52+00:00 DEBUG POST: https://business-api.tiktok.com/tbp/v2.0/shop/connection/disconnect?external_data=

--- EMPTY STRING ---
 ajax: no
2023-01-31T14:26:53+00:00 DEBUG Tt4b_Mapi_Class::tts_shop_disconnect: Response: 

HTTP/1.1 200 OK
Server: nginx
Content-Type: application/json; charset=utf-8
Content-Length: 95
X-Api-Deprecation-Info: API for Business Version 1.3 is now live. To avoid disruption to your business, we recommend you migrate all calls to v1.3 as soon as possible. Please visit our migration guide for more details: https://ads.tiktok.com/marketing_api/docs?id=1740029169927169
X-Domain-Change-Info: We have moved to the new domain business-api.tiktok.com for API services after the Platform Upgrade on 09/30/2021. Please update all of your requests with the new domain if you haven't done so already. For more information, please visit https://ads.tiktok.com/marketing_api/docs?rid=esb88xalm6m&id=1709207085043713
X-Tt-Logid: 2023013114265462633EC1CDB8FC82D8EF
Server-Timing: inner; dur=12
x-tt-trace-host: 016ea445254f635bb347709368c6c687cc8fb14d6ac28d1ba7491d74c89f0e3e3c7cb930dd15798774c7e718739b0c06fcb1fe5085732e17ae6a33c872b832c5ae1d2818b9cdbaf4f706b28e109bb647ff19d8e889ce8231d4e35dfa58300d08bc
Expires: Tue, 31 Jan 2023 14:26:55 GMT
Cache-Control: max-age=0, no-cache, no-store
Pragma: no-cache
Date: Tue, 31 Jan 2023 14:26:55 GMT
X-Cache: TCP_MISS from a23-207-211-211.deploy.akamaitechnologies.com (AkamaiGHost/10.10.3-45298580) (-)
Connection: close
x-tt-trace-tag: id=16;cdn-cache=miss;type=dyn
Server-Timing: cdn-cache; desc=MISS, edge; dur=0, origin; dur=1292
X-Origin-Response-Time: 1292,23.207.211.211
X-Akamai-Request-ID: 616243d6

{"code":40001,"message":"Permission denied.","request_id":"2023013114265462633EC1CDB8FC82D8EF"}

